  GSPlay.cpp
src\GameStates\GSPlay.cpp(56): warning C4244: 'return': conversion from 'double' to 'int', possible loss of data
src\GameStates\GSPlay.cpp(61): warning C4244: 'return': conversion from 'double' to 'int', possible loss of data
src\GameStates\GSPlay.cpp(73): warning C4244: 'argument': conversion from 'int' to 'GLfloat', possible loss of data
src\GameStates\GSPlay.cpp(89): warning C4244: 'argument': conversion from 'int' to 'GLfloat', possible loss of data
src\GameStates\GSPlay.cpp(104): warning C4244: 'argument': conversion from 'int' to 'GLfloat', possible loss of data
src\GameStates\GSPlay.cpp(112): warning C4244: 'argument': conversion from 'int' to 'GLfloat', possible loss of data
src\GameStates\GSPlay.cpp(120): warning C4244: 'argument': conversion from 'int' to 'GLfloat', possible loss of data
src\GameStates\GSPlay.cpp(128): warning C4244: 'argument': conversion from 'int' to 'GLfloat', possible loss of data
src\GameStates\GSPlay.cpp(136): warning C4244: 'argument': conversion from 'int' to 'GLfloat', possible loss of data
src\GameStates\GSPlay.cpp(144): warning C4244: 'argument': conversion from 'int' to 'GLfloat', possible loss of data
src\GameStates\GSPlay.cpp(152): warning C4244: 'argument': conversion from 'int' to 'GLfloat', possible loss of data
src\GameStates\GSPlay.cpp(160): warning C4244: 'argument': conversion from 'int' to 'GLfloat', possible loss of data
src\GameStates\GSPlay.cpp(168): warning C4244: 'argument': conversion from 'int' to 'GLfloat', possible loss of data
src\GameStates\GSPlay.cpp(176): warning C4244: 'argument': conversion from 'int' to 'GLfloat', possible loss of data
src\GameStates\GSPlay.cpp(180): warning C4018: '<': signed/unsigned mismatch
src\GameStates\GSPlay.cpp(198): warning C4244: 'argument': conversion from 'int' to 'GLfloat', possible loss of data
src\GameStates\GSPlay.cpp(204): warning C4244: 'argument': conversion from 'int' to 'GLfloat', possible loss of data
src\GameStates\GSPlay.cpp(220): warning C4244: 'argument': conversion from 'int' to 'GLfloat', possible loss of data
src\GameStates\GSPlay.cpp(236): warning C4244: 'argument': conversion from 'int' to 'GLfloat', possible loss of data
src\GameStates\GSPlay.cpp(242): warning C4244: 'argument': conversion from 'int' to 'GLfloat', possible loss of data
src\GameStates\GSPlay.cpp(276): warning C4244: 'argument': conversion from 'GLfloat' to 'int', possible loss of data
src\GameStates\GSPlay.cpp(310): warning C4244: 'argument': conversion from 'int' to 'GLfloat', possible loss of data
src\GameStates\GSPlay.cpp(335): warning C4305: '=': truncation from 'double' to 'float'
src\GameStates\GSPlay.cpp(341): warning C4305: '=': truncation from 'double' to 'float'
src\GameStates\GSPlay.cpp(359): warning C4018: '<': signed/unsigned mismatch
src\GameStates\GSPlay.cpp(360): warning C4244: 'argument': conversion from 'GLfloat' to 'int', possible loss of data
src\GameStates\GSPlay.cpp(361): warning C4244: 'argument': conversion from 'GLfloat' to 'int', possible loss of data
src\GameStates\GSPlay.cpp(376): warning C4018: '<': signed/unsigned mismatch
src\GameStates\GSPlay.cpp(412): warning C4244: 'argument': conversion from 'int' to 'GLfloat', possible loss of data
src\GameStates\GSPlay.cpp(428): warning C4018: '<': signed/unsigned mismatch
src\GameStates\GSPlay.cpp(429): warning C4244: 'argument': conversion from 'GLfloat' to 'int', possible loss of data
src\GameStates\GSPlay.cpp(430): warning C4244: 'argument': conversion from 'GLfloat' to 'int', possible loss of data
src\GameStates\GSPlay.cpp(445): warning C4018: '<': signed/unsigned mismatch
src\GameStates\GSPlay.cpp(481): warning C4244: 'argument': conversion from 'int' to 'GLfloat', possible loss of data
src\GameStates\GSPlay.cpp(498): warning C4018: '<': signed/unsigned mismatch
src\GameStates\GSPlay.cpp(499): warning C4244: 'argument': conversion from 'GLfloat' to 'int', possible loss of data
src\GameStates\GSPlay.cpp(500): warning C4244: 'argument': conversion from 'GLfloat' to 'int', possible loss of data
src\GameStates\GSPlay.cpp(515): warning C4018: '<': signed/unsigned mismatch
src\GameStates\GSPlay.cpp(550): warning C4244: 'argument': conversion from 'int' to 'GLfloat', possible loss of data
src\GameStates\GSPlay.cpp(566): warning C4018: '<': signed/unsigned mismatch
src\GameStates\GSPlay.cpp(567): warning C4244: 'argument': conversion from 'GLfloat' to 'int', possible loss of data
src\GameStates\GSPlay.cpp(568): warning C4244: 'argument': conversion from 'GLfloat' to 'int', possible loss of data
src\GameStates\GSPlay.cpp(583): warning C4018: '<': signed/unsigned mismatch
src\GameStates\GSPlay.cpp(619): warning C4244: 'argument': conversion from 'int' to 'GLfloat', possible loss of data
src\GameStates\GSPlay.cpp(638): warning C4018: '<': signed/unsigned mismatch
src\GameStates\GSPlay.cpp(639): warning C4244: 'argument': conversion from 'GLfloat' to 'int', possible loss of data
src\GameStates\GSPlay.cpp(641): warning C4244: 'argument': conversion from 'GLfloat' to 'int', possible loss of data
src\GameStates\GSPlay.cpp(654): warning C4244: 'argument': conversion from 'double' to 'int', possible loss of data
src\GameStates\GSPlay.cpp(655): warning C4244: 'argument': conversion from 'double' to 'int', possible loss of data
src\GameStates\GSPlay.cpp(661): warning C4244: 'argument': conversion from 'double' to 'int', possible loss of data
src\GameStates\GSPlay.cpp(664): warning C4244: 'argument': conversion from 'double' to 'int', possible loss of data
src\GameStates\GSPlay.cpp(665): warning C4244: 'argument': conversion from 'double' to 'GLfloat', possible loss of data
src\GameStates\GSPlay.cpp(665): warning C4244: 'argument': conversion from 'int' to 'GLfloat', possible loss of data
src\GameStates\GSPlay.cpp(669): warning C4244: 'argument': conversion from 'double' to 'GLfloat', possible loss of data
src\GameStates\GSPlay.cpp(678): warning C4244: 'argument': conversion from 'double' to 'int', possible loss of data
src\GameStates\GSPlay.cpp(681): warning C4244: 'argument': conversion from 'double' to 'int', possible loss of data
src\GameStates\GSPlay.cpp(682): warning C4244: 'argument': conversion from 'double' to 'GLfloat', possible loss of data
src\GameStates\GSPlay.cpp(682): warning C4244: 'argument': conversion from 'int' to 'GLfloat', possible loss of data
src\GameStates\GSPlay.cpp(686): warning C4244: 'argument': conversion from 'double' to 'GLfloat', possible loss of data
src\GameStates\GSPlay.cpp(695): warning C4244: 'argument': conversion from 'double' to 'int', possible loss of data
src\GameStates\GSPlay.cpp(699): warning C4244: 'argument': conversion from 'double' to 'int', possible loss of data
src\GameStates\GSPlay.cpp(699): warning C4244: 'argument': conversion from 'int' to 'GLfloat', possible loss of data
src\GameStates\GSPlay.cpp(699): warning C4244: 'argument': conversion from 'double' to 'GLfloat', possible loss of data
src\GameStates\GSPlay.cpp(703): warning C4244: 'argument': conversion from 'double' to 'GLfloat', possible loss of data
src\GameStates\GSPlay.cpp(712): warning C4244: 'argument': conversion from 'double' to 'int', possible loss of data
src\GameStates\GSPlay.cpp(716): warning C4244: 'argument': conversion from 'double' to 'int', possible loss of data
src\GameStates\GSPlay.cpp(716): warning C4244: 'argument': conversion from 'int' to 'GLfloat', possible loss of data
src\GameStates\GSPlay.cpp(716): warning C4244: 'argument': conversion from 'double' to 'GLfloat', possible loss of data
src\GameStates\GSPlay.cpp(720): warning C4244: 'argument': conversion from 'double' to 'GLfloat', possible loss of data
src\GameStates\GSPlay.cpp(745): warning C4244: 'argument': conversion from 'double' to 'int', possible loss of data
src\GameStates\GSPlay.cpp(751): warning C4244: 'argument': conversion from 'double' to 'int', possible loss of data
src\GameStates\GSPlay.cpp(770): warning C4018: '<': signed/unsigned mismatch
src\GameStates\GSPlay.cpp(774): warning C4244: 'argument': conversion from 'GLfloat' to 'int', possible loss of data
src\GameStates\GSPlay.cpp(775): warning C4244: 'argument': conversion from 'GLfloat' to 'int', possible loss of data
src\GameStates\GSPlay.cpp(779): warning C4244: 'argument': conversion from 'GLfloat' to 'int', possible loss of data
src\GameStates\GSPlay.cpp(780): warning C4244: 'argument': conversion from 'GLfloat' to 'int', possible loss of data
src\GameStates\GSPlay.cpp(782): warning C4244: 'argument': conversion from 'int' to 'GLfloat', possible loss of data
src\GameStates\GSPlay.cpp(792): warning C4244: 'argument': conversion from 'GLfloat' to 'int', possible loss of data
src\GameStates\GSPlay.cpp(793): warning C4244: 'argument': conversion from 'GLfloat' to 'int', possible loss of data
src\GameStates\GSPlay.cpp(797): warning C4244: 'argument': conversion from 'GLfloat' to 'int', possible loss of data
src\GameStates\GSPlay.cpp(798): warning C4244: 'argument': conversion from 'GLfloat' to 'int', possible loss of data
src\GameStates\GSPlay.cpp(800): warning C4244: 'argument': conversion from 'int' to 'GLfloat', possible loss of data
src\GameStates\GSPlay.cpp(811): warning C4244: 'argument': conversion from 'GLfloat' to 'int', possible loss of data
src\GameStates\GSPlay.cpp(812): warning C4244: 'argument': conversion from 'GLfloat' to 'int', possible loss of data
src\GameStates\GSPlay.cpp(816): warning C4244: 'argument': conversion from 'GLfloat' to 'int', possible loss of data
src\GameStates\GSPlay.cpp(817): warning C4244: 'argument': conversion from 'GLfloat' to 'int', possible loss of data
src\GameStates\GSPlay.cpp(819): warning C4244: 'argument': conversion from 'int' to 'GLfloat', possible loss of data
src\GameStates\GSPlay.cpp(830): warning C4244: 'argument': conversion from 'GLfloat' to 'int', possible loss of data
src\GameStates\GSPlay.cpp(831): warning C4244: 'argument': conversion from 'GLfloat' to 'int', possible loss of data
src\GameStates\GSPlay.cpp(835): warning C4244: 'argument': conversion from 'GLfloat' to 'int', possible loss of data
src\GameStates\GSPlay.cpp(836): warning C4244: 'argument': conversion from 'GLfloat' to 'int', possible loss of data
src\GameStates\GSPlay.cpp(838): warning C4244: 'argument': conversion from 'int' to 'GLfloat', possible loss of data
src\GameStates\GSPlay.cpp(852): warning C4018: '<': signed/unsigned mismatch
src\GameStates\GSPlay.cpp(856): warning C4244: 'argument': conversion from 'GLfloat' to 'int', possible loss of data
src\GameStates\GSPlay.cpp(857): warning C4244: 'argument': conversion from 'int' to 'GLfloat', possible loss of data
src\GameStates\GSPlay.cpp(862): warning C4244: 'argument': conversion from 'GLfloat' to 'int', possible loss of data
src\GameStates\GSPlay.cpp(863): warning C4244: 'argument': conversion from 'int' to 'GLfloat', possible loss of data
src\GameStates\GSPlay.cpp(867): warning C4244: 'argument': conversion from 'GLfloat' to 'int', possible loss of data
src\GameStates\GSPlay.cpp(869): warning C4244: 'argument': conversion from 'int' to 'GLfloat', possible loss of data
src\GameStates\GSPlay.cpp(873): warning C4244: 'argument': conversion from 'GLfloat' to 'int', possible loss of data
src\GameStates\GSPlay.cpp(875): warning C4244: 'argument': conversion from 'int' to 'GLfloat', possible loss of data
src\GameStates\GSPlay.cpp(966): warning C4244: 'argument': conversion from 'int' to 'GLfloat', possible loss of data
src\GameStates\GSPlay.cpp(991): warning C4305: '=': truncation from 'double' to 'float'
src\GameStates\GSPlay.cpp(997): warning C4305: '=': truncation from 'double' to 'float'
src\GameStates\GSPlay.cpp(1017): warning C4244: 'argument': conversion from 'GLfloat' to 'int', possible loss of data
src\GameStates\GSPlay.cpp(1035): warning C4244: 'argument': conversion from 'GLfloat' to 'int', possible loss of data
src\GameStates\GSPlay.cpp(1036): warning C4244: 'argument': conversion from 'GLfloat' to 'int', possible loss of data
src\GameStates\GSPlay.cpp(1037): warning C4018: '<': signed/unsigned mismatch
src\GameStates\GSPlay.cpp(1038): warning C4244: 'argument': conversion from 'GLfloat' to 'int', possible loss of data
src\GameStates\GSPlay.cpp(1039): warning C4244: 'argument': conversion from 'GLfloat' to 'int', possible loss of data
src\GameStates\GSPlay.cpp(1041): warning C4244: 'argument': conversion from 'int' to 'GLfloat', possible loss of data
src\GameStates\GSPlay.cpp(1047): warning C4244: 'argument': conversion from 'GLfloat' to 'int', possible loss of data
src\GameStates\GSPlay.cpp(1048): warning C4244: 'argument': conversion from 'GLfloat' to 'int', possible loss of data
src\GameStates\GSPlay.cpp(1049): warning C4018: '<': signed/unsigned mismatch
src\GameStates\GSPlay.cpp(1050): warning C4244: 'argument': conversion from 'GLfloat' to 'int', possible loss of data
src\GameStates\GSPlay.cpp(1051): warning C4244: 'argument': conversion from 'GLfloat' to 'int', possible loss of data
src\GameStates\GSPlay.cpp(1053): warning C4244: 'argument': conversion from 'int' to 'GLfloat', possible loss of data
src\GameStates\GSPlay.cpp(1061): warning C4018: '<': signed/unsigned mismatch
src\GameStates\GSPlay.cpp(1062): warning C4244: 'argument': conversion from 'GLfloat' to 'int', possible loss of data
src\GameStates\GSPlay.cpp(1063): warning C4244: 'argument': conversion from 'GLfloat' to 'int', possible loss of data
src\GameStates\GSPlay.cpp(1064): warning C4018: '<': signed/unsigned mismatch
src\GameStates\GSPlay.cpp(1065): warning C4244: 'argument': conversion from 'GLfloat' to 'int', possible loss of data
src\GameStates\GSPlay.cpp(1066): warning C4244: 'argument': conversion from 'GLfloat' to 'int', possible loss of data
src\GameStates\GSPlay.cpp(1069): warning C4244: 'argument': conversion from 'int' to 'GLfloat', possible loss of data
src\GameStates\GSPlay.cpp(1077): warning C4018: '<': signed/unsigned mismatch
src\GameStates\GSPlay.cpp(1078): warning C4244: 'argument': conversion from 'GLfloat' to 'int', possible loss of data
src\GameStates\GSPlay.cpp(1079): warning C4244: 'argument': conversion from 'GLfloat' to 'int', possible loss of data
src\GameStates\GSPlay.cpp(1080): warning C4018: '<': signed/unsigned mismatch
src\GameStates\GSPlay.cpp(1081): warning C4244: 'argument': conversion from 'GLfloat' to 'int', possible loss of data
src\GameStates\GSPlay.cpp(1082): warning C4244: 'argument': conversion from 'GLfloat' to 'int', possible loss of data
src\GameStates\GSPlay.cpp(1085): warning C4244: 'argument': conversion from 'int' to 'GLfloat', possible loss of data
src\GameStates\GSPlay.cpp(1095): warning C4244: 'argument': conversion from 'GLfloat' to 'int', possible loss of data
src\GameStates\GSPlay.cpp(1096): warning C4244: 'argument': conversion from 'GLfloat' to 'int', possible loss of data
src\GameStates\GSPlay.cpp(1097): warning C4018: '<': signed/unsigned mismatch
src\GameStates\GSPlay.cpp(1098): warning C4244: 'argument': conversion from 'GLfloat' to 'int', possible loss of data
src\GameStates\GSPlay.cpp(1099): warning C4244: 'argument': conversion from 'GLfloat' to 'int', possible loss of data
src\GameStates\GSPlay.cpp(1101): warning C4244: 'argument': conversion from 'int' to 'GLfloat', possible loss of data
C:\Program Files (x86)\Microsoft Visual Studio 14.0\VC\include\memory(901): warning C4244: 'argument': conversion from 'double' to 'float', possible loss of data
  C:\Program Files (x86)\Microsoft Visual Studio 14.0\VC\include\memory(971): note: see reference to function template instantiation 'std::_Ref_count_obj<_Ty>::_Ref_count_obj<std::shared_ptr<Shaders>&,std::shared_ptr<Font>&,const char(&)[9],TEXT_COLOR,double>(std::shared_ptr<Shaders> &,std::shared_ptr<Font> &,const char (&)[9],TEXT_COLOR &&,double &&)' being compiled
          with
          [
              _Ty=Text
          ]
  C:\Program Files (x86)\Microsoft Visual Studio 14.0\VC\include\memory(971): note: see reference to function template instantiation 'std::_Ref_count_obj<_Ty>::_Ref_count_obj<std::shared_ptr<Shaders>&,std::shared_ptr<Font>&,const char(&)[9],TEXT_COLOR,double>(std::shared_ptr<Shaders> &,std::shared_ptr<Font> &,const char (&)[9],TEXT_COLOR &&,double &&)' being compiled
          with
          [
              _Ty=Text
          ]
  src\GameStates\GSPlay.cpp(227): note: see reference to function template instantiation 'std::shared_ptr<Text> std::make_shared<Text,std::shared_ptr<Shaders>&,std::shared_ptr<Font>&,const char(&)[9],TEXT_COLOR,double>(std::shared_ptr<Shaders> &,std::shared_ptr<Font> &,const char (&)[9],TEXT_COLOR &&,double &&)' being compiled
LINK : warning LNK4098: defaultlib 'LIBCMT' conflicts with use of other libs; use /NODEFAULTLIB:library
  Generating code
  2 of 2196 functions ( 0.1%) were compiled, the rest were copied from previous compilation.
    0 functions were new in current compilation
    0 functions had inline decision re-evaluated but remain unchanged
  Finished generating code
  TrainingFramework.vcxproj -> C:\Users\dell\Desktop\Programming_anim\\BIN-Nvidia\TrainingFramework.exe
  TrainingFramework.vcxproj -> C:\Users\dell\Desktop\Programming_anim\\BIN-Nvidia\TrainingFramework.pdb (Full PDB)
